<?xml version="1.0" encoding="utf-8"?>
<coverage line-rate="0.91930541368743612" branch-rate="0" complexity="0" branches-covered="0" branches-valid="0" timestamp="1678455992" lines-covered="900" lines-valid="979" version="0">
  <sources>
    <source>D:</source>
  </sources>
  <packages>
    <package name="D:\project\wind\bin\Debug\wind_test.exe" line-rate="0.91930541368743612" branch-rate="0" complexity="0">
      <classes>
        <class name="atomic_unordered_map.h" filename="project\wind\utils\atomic_unordered_map.h" line-rate="0.95906432748538006" branch-rate="0" complexity="0">
          <methods/>
          <lines>
            <line number="43" hits="1"/>
            <line number="44" hits="1"/>
            <line number="45" hits="1"/>
            <line number="47" hits="1"/>
            <line number="48" hits="1"/>
            <line number="49" hits="1"/>
            <line number="50" hits="1"/>
            <line number="52" hits="1"/>
            <line number="53" hits="1"/>
            <line number="54" hits="1"/>
            <line number="56" hits="1"/>
            <line number="57" hits="1"/>
            <line number="58" hits="1"/>
            <line number="59" hits="1"/>
            <line number="62" hits="1"/>
            <line number="64" hits="1"/>
            <line number="65" hits="1"/>
            <line number="66" hits="1"/>
            <line number="68" hits="1"/>
            <line number="69" hits="1"/>
            <line number="70" hits="1"/>
            <line number="72" hits="1"/>
            <line number="73" hits="1"/>
            <line number="74" hits="1"/>
            <line number="75" hits="1"/>
            <line number="77" hits="1"/>
            <line number="78" hits="1"/>
            <line number="79" hits="1"/>
            <line number="80" hits="1"/>
            <line number="82" hits="1"/>
            <line number="89" hits="1"/>
            <line number="90" hits="1"/>
            <line number="91" hits="1"/>
            <line number="92" hits="1"/>
            <line number="94" hits="1"/>
            <line number="95" hits="1"/>
            <line number="96" hits="1"/>
            <line number="97" hits="1"/>
            <line number="99" hits="1"/>
            <line number="100" hits="1"/>
            <line number="101" hits="1"/>
            <line number="102" hits="1"/>
            <line number="104" hits="1"/>
            <line number="105" hits="1"/>
            <line number="106" hits="1"/>
            <line number="107" hits="1"/>
            <line number="110" hits="1"/>
            <line number="111" hits="1"/>
            <line number="112" hits="1"/>
            <line number="113" hits="1"/>
            <line number="115" hits="1"/>
            <line number="116" hits="1"/>
            <line number="117" hits="1"/>
            <line number="118" hits="1"/>
            <line number="120" hits="1"/>
            <line number="121" hits="1"/>
            <line number="122" hits="1"/>
            <line number="123" hits="1"/>
            <line number="125" hits="1"/>
            <line number="126" hits="1"/>
            <line number="127" hits="1"/>
            <line number="128" hits="1"/>
            <line number="131" hits="1"/>
            <line number="132" hits="1"/>
            <line number="133" hits="1"/>
            <line number="134" hits="1"/>
            <line number="136" hits="1"/>
            <line number="137" hits="1"/>
            <line number="138" hits="1"/>
            <line number="139" hits="1"/>
            <line number="141" hits="1"/>
            <line number="142" hits="1"/>
            <line number="143" hits="1"/>
            <line number="144" hits="1"/>
            <line number="146" hits="1"/>
            <line number="147" hits="1"/>
            <line number="148" hits="1"/>
            <line number="149" hits="1"/>
            <line number="151" hits="1"/>
            <line number="152" hits="1"/>
            <line number="153" hits="1"/>
            <line number="154" hits="1"/>
            <line number="156" hits="1"/>
            <line number="157" hits="1"/>
            <line number="159" hits="1"/>
            <line number="160" hits="0"/>
            <line number="161" hits="0"/>
            <line number="162" hits="0"/>
            <line number="163" hits="1"/>
            <line number="173" hits="1"/>
            <line number="174" hits="1"/>
            <line number="176" hits="1"/>
            <line number="177" hits="0"/>
            <line number="178" hits="0"/>
            <line number="179" hits="0"/>
            <line number="180" hits="0"/>
            <line number="182" hits="1"/>
            <line number="183" hits="1"/>
            <line number="184" hits="1"/>
            <line number="185" hits="1"/>
            <line number="187" hits="1"/>
            <line number="188" hits="1"/>
            <line number="189" hits="1"/>
            <line number="190" hits="1"/>
            <line number="192" hits="1"/>
            <line number="193" hits="1"/>
            <line number="194" hits="1"/>
            <line number="196" hits="1"/>
            <line number="197" hits="1"/>
            <line number="198" hits="1"/>
            <line number="199" hits="1"/>
            <line number="200" hits="1"/>
            <line number="212" hits="1"/>
            <line number="213" hits="1"/>
            <line number="214" hits="1"/>
            <line number="215" hits="1"/>
            <line number="217" hits="1"/>
            <line number="218" hits="1"/>
            <line number="219" hits="1"/>
            <line number="221" hits="1"/>
            <line number="222" hits="1"/>
            <line number="223" hits="1"/>
            <line number="224" hits="1"/>
            <line number="226" hits="1"/>
            <line number="227" hits="1"/>
            <line number="228" hits="1"/>
            <line number="230" hits="1"/>
            <line number="231" hits="1"/>
            <line number="232" hits="1"/>
            <line number="234" hits="1"/>
            <line number="235" hits="1"/>
            <line number="236" hits="1"/>
            <line number="238" hits="1"/>
            <line number="239" hits="1"/>
            <line number="240" hits="1"/>
            <line number="242" hits="1"/>
            <line number="243" hits="1"/>
            <line number="244" hits="1"/>
            <line number="246" hits="1"/>
            <line number="247" hits="1"/>
            <line number="248" hits="1"/>
            <line number="250" hits="1"/>
            <line number="251" hits="1"/>
            <line number="253" hits="1"/>
            <line number="254" hits="1"/>
            <line number="255" hits="1"/>
            <line number="257" hits="1"/>
            <line number="258" hits="1"/>
            <line number="259" hits="1"/>
            <line number="261" hits="1"/>
            <line number="262" hits="1"/>
            <line number="269" hits="1"/>
            <line number="270" hits="1"/>
            <line number="271" hits="1"/>
            <line number="272" hits="1"/>
            <line number="274" hits="1"/>
            <line number="275" hits="1"/>
            <line number="276" hits="1"/>
            <line number="277" hits="1"/>
            <line number="294" hits="1"/>
            <line number="295" hits="1"/>
            <line number="296" hits="1"/>
            <line number="297" hits="1"/>
            <line number="298" hits="1"/>
            <line number="299" hits="1"/>
            <line number="301" hits="1"/>
            <line number="302" hits="1"/>
            <line number="303" hits="1"/>
            <line number="304" hits="1"/>
            <line number="305" hits="1"/>
            <line number="306" hits="1"/>
          </lines>
        </class>
        <class name="encrypt.cc" filename="project\wind\utils\encrypt.cc" line-rate="0.96296296296296291" branch-rate="0" complexity="0">
          <methods/>
          <lines>
            <line number="36" hits="1"/>
            <line number="37" hits="1"/>
            <line number="38" hits="1"/>
            <line number="39" hits="1"/>
            <line number="41" hits="1"/>
            <line number="42" hits="1"/>
            <line number="43" hits="0"/>
            <line number="45" hits="1"/>
            <line number="46" hits="1"/>
            <line number="53" hits="1"/>
            <line number="54" hits="1"/>
            <line number="55" hits="1"/>
            <line number="56" hits="1"/>
            <line number="57" hits="1"/>
            <line number="58" hits="1"/>
            <line number="62" hits="1"/>
            <line number="63" hits="1"/>
            <line number="66" hits="1"/>
            <line number="67" hits="1"/>
            <line number="70" hits="1"/>
            <line number="71" hits="1"/>
            <line number="72" hits="1"/>
            <line number="73" hits="1"/>
            <line number="76" hits="1"/>
            <line number="79" hits="1"/>
            <line number="81" hits="1"/>
            <line number="82" hits="1"/>
          </lines>
        </class>
        <class name="encrypt.h" filename="project\wind\utils\encrypt.h" line-rate="0.88888888888888884" branch-rate="0" complexity="0">
          <methods/>
          <lines>
            <line number="37" hits="1"/>
            <line number="38" hits="1"/>
            <line number="39" hits="1"/>
            <line number="41" hits="1"/>
            <line number="42" hits="1"/>
            <line number="43" hits="1"/>
            <line number="44" hits="1"/>
            <line number="45" hits="1"/>
            <line number="46" hits="1"/>
            <line number="48" hits="1"/>
            <line number="49" hits="1"/>
            <line number="50" hits="1"/>
            <line number="52" hits="1"/>
            <line number="53" hits="1"/>
            <line number="54" hits="1"/>
            <line number="55" hits="1"/>
            <line number="56" hits="1"/>
            <line number="57" hits="1"/>
            <line number="82" hits="1"/>
            <line number="84" hits="1"/>
            <line number="86" hits="1"/>
            <line number="87" hits="0"/>
            <line number="88" hits="0"/>
            <line number="89" hits="0"/>
            <line number="91" hits="1"/>
            <line number="92" hits="0"/>
            <line number="93" hits="0"/>
            <line number="94" hits="0"/>
            <line number="96" hits="1"/>
            <line number="97" hits="0"/>
            <line number="98" hits="0"/>
            <line number="99" hits="0"/>
            <line number="100" hits="1"/>
            <line number="102" hits="1"/>
            <line number="103" hits="1"/>
            <line number="104" hits="1"/>
            <line number="106" hits="1"/>
            <line number="107" hits="1"/>
            <line number="108" hits="1"/>
            <line number="110" hits="1"/>
            <line number="111" hits="1"/>
            <line number="112" hits="1"/>
            <line number="113" hits="1"/>
            <line number="115" hits="1"/>
            <line number="116" hits="1"/>
            <line number="117" hits="1"/>
            <line number="118" hits="1"/>
            <line number="120" hits="1"/>
            <line number="121" hits="1"/>
            <line number="122" hits="1"/>
            <line number="123" hits="1"/>
            <line number="125" hits="1"/>
            <line number="126" hits="1"/>
            <line number="127" hits="1"/>
            <line number="128" hits="1"/>
            <line number="130" hits="1"/>
            <line number="131" hits="1"/>
            <line number="132" hits="1"/>
            <line number="133" hits="1"/>
            <line number="135" hits="1"/>
            <line number="136" hits="1"/>
            <line number="137" hits="1"/>
            <line number="138" hits="1"/>
            <line number="141" hits="1"/>
            <line number="142" hits="1"/>
            <line number="143" hits="1"/>
            <line number="145" hits="1"/>
            <line number="146" hits="1"/>
            <line number="147" hits="1"/>
            <line number="148" hits="1"/>
            <line number="163" hits="1"/>
            <line number="164" hits="1"/>
            <line number="165" hits="1"/>
            <line number="166" hits="1"/>
            <line number="168" hits="1"/>
            <line number="175" hits="1"/>
            <line number="176" hits="1"/>
            <line number="184" hits="1"/>
            <line number="185" hits="1"/>
            <line number="186" hits="1"/>
          </lines>
        </class>
        <class name="pwt.cc" filename="project\wind\utils\pwt.cc" line-rate="0.87323943661971826" branch-rate="0" complexity="0">
          <methods/>
          <lines>
            <line number="56" hits="1"/>
            <line number="57" hits="1"/>
            <line number="58" hits="1"/>
            <line number="59" hits="1"/>
            <line number="60" hits="1"/>
            <line number="61" hits="1"/>
            <line number="62" hits="1"/>
            <line number="64" hits="1"/>
            <line number="65" hits="1"/>
            <line number="66" hits="1"/>
            <line number="67" hits="1"/>
            <line number="68" hits="1"/>
            <line number="69" hits="1"/>
            <line number="71" hits="1"/>
            <line number="73" hits="1"/>
            <line number="74" hits="1"/>
            <line number="75" hits="1"/>
            <line number="77" hits="1"/>
            <line number="78" hits="0"/>
            <line number="79" hits="0"/>
            <line number="80" hits="0"/>
            <line number="81" hits="0"/>
            <line number="90" hits="1"/>
            <line number="91" hits="1"/>
            <line number="92" hits="0"/>
            <line number="94" hits="1"/>
            <line number="95" hits="1"/>
            <line number="96" hits="0"/>
            <line number="98" hits="1"/>
            <line number="99" hits="1"/>
            <line number="100" hits="0"/>
            <line number="103" hits="1"/>
            <line number="105" hits="1"/>
            <line number="106" hits="1"/>
            <line number="107" hits="1"/>
            <line number="108" hits="1"/>
            <line number="109" hits="1"/>
            <line number="110" hits="1"/>
            <line number="111" hits="1"/>
            <line number="113" hits="1"/>
            <line number="114" hits="1"/>
            <line number="115" hits="1"/>
            <line number="116" hits="1"/>
            <line number="117" hits="1"/>
            <line number="119" hits="1"/>
            <line number="120" hits="0"/>
            <line number="123" hits="1"/>
            <line number="124" hits="1"/>
            <line number="132" hits="1"/>
            <line number="133" hits="1"/>
            <line number="134" hits="0"/>
            <line number="136" hits="1"/>
            <line number="137" hits="1"/>
            <line number="138" hits="1"/>
            <line number="139" hits="0"/>
            <line number="142" hits="1"/>
            <line number="143" hits="1"/>
            <line number="144" hits="1"/>
            <line number="145" hits="1"/>
            <line number="146" hits="1"/>
            <line number="153" hits="1"/>
            <line number="154" hits="1"/>
            <line number="156" hits="1"/>
            <line number="157" hits="1"/>
            <line number="158" hits="1"/>
            <line number="159" hits="1"/>
            <line number="162" hits="1"/>
            <line number="163" hits="1"/>
            <line number="164" hits="1"/>
            <line number="165" hits="1"/>
            <line number="166" hits="1"/>
            <line number="167" hits="1"/>
            <line number="171" hits="1"/>
            <line number="172" hits="1"/>
            <line number="173" hits="1"/>
            <line number="174" hits="1"/>
            <line number="175" hits="1"/>
            <line number="176" hits="1"/>
            <line number="179" hits="1"/>
            <line number="181" hits="1"/>
            <line number="182" hits="1"/>
            <line number="183" hits="1"/>
            <line number="184" hits="1"/>
            <line number="185" hits="1"/>
            <line number="186" hits="1"/>
            <line number="187" hits="1"/>
            <line number="188" hits="1"/>
            <line number="189" hits="1"/>
            <line number="190" hits="1"/>
            <line number="191" hits="1"/>
            <line number="192" hits="1"/>
            <line number="193" hits="1"/>
            <line number="196" hits="1"/>
            <line number="198" hits="1"/>
            <line number="199" hits="1"/>
            <line number="200" hits="1"/>
            <line number="202" hits="1"/>
            <line number="203" hits="1"/>
            <line number="204" hits="1"/>
            <line number="205" hits="1"/>
            <line number="206" hits="1"/>
            <line number="207" hits="0"/>
            <line number="208" hits="0"/>
            <line number="209" hits="0"/>
            <line number="210" hits="0"/>
            <line number="219" hits="1"/>
            <line number="221" hits="1"/>
            <line number="222" hits="0"/>
            <line number="226" hits="1"/>
            <line number="227" hits="1"/>
            <line number="228" hits="0"/>
            <line number="231" hits="1"/>
            <line number="232" hits="1"/>
            <line number="233" hits="0"/>
            <line number="236" hits="1"/>
            <line number="238" hits="1"/>
            <line number="239" hits="1"/>
            <line number="240" hits="1"/>
            <line number="243" hits="1"/>
            <line number="244" hits="1"/>
            <line number="245" hits="1"/>
            <line number="248" hits="1"/>
            <line number="249" hits="1"/>
            <line number="250" hits="1"/>
            <line number="251" hits="1"/>
            <line number="252" hits="1"/>
            <line number="253" hits="1"/>
            <line number="254" hits="1"/>
            <line number="255" hits="1"/>
            <line number="259" hits="1"/>
            <line number="260" hits="1"/>
            <line number="261" hits="1"/>
            <line number="264" hits="1"/>
            <line number="265" hits="1"/>
            <line number="266" hits="1"/>
            <line number="267" hits="1"/>
            <line number="268" hits="1"/>
            <line number="270" hits="1"/>
            <line number="271" hits="0"/>
            <line number="274" hits="1"/>
            <line number="275" hits="1"/>
          </lines>
        </class>
        <class name="pwt.h" filename="project\wind\utils\pwt.h" line-rate="0.91806331471135938" branch-rate="0" complexity="0">
          <methods/>
          <lines>
            <line number="46" hits="1"/>
            <line number="47" hits="1"/>
            <line number="48" hits="0"/>
            <line number="50" hits="1"/>
            <line number="51" hits="1"/>
            <line number="52" hits="1"/>
            <line number="53" hits="1"/>
            <line number="54" hits="1"/>
            <line number="55" hits="1"/>
            <line number="56" hits="1"/>
            <line number="58" hits="1"/>
            <line number="59" hits="1"/>
            <line number="60" hits="1"/>
            <line number="62" hits="1"/>
            <line number="63" hits="1"/>
            <line number="64" hits="1"/>
            <line number="66" hits="1"/>
            <line number="101" hits="1"/>
            <line number="125" hits="1"/>
            <line number="126" hits="1"/>
            <line number="127" hits="1"/>
            <line number="128" hits="1"/>
            <line number="130" hits="1"/>
            <line number="131" hits="1"/>
            <line number="132" hits="1"/>
            <line number="133" hits="1"/>
            <line number="135" hits="1"/>
            <line number="136" hits="1"/>
            <line number="137" hits="1"/>
            <line number="138" hits="1"/>
            <line number="140" hits="1"/>
            <line number="141" hits="1"/>
            <line number="142" hits="1"/>
            <line number="143" hits="1"/>
            <line number="145" hits="1"/>
            <line number="146" hits="1"/>
            <line number="147" hits="1"/>
            <line number="153" hits="1"/>
            <line number="154" hits="1"/>
            <line number="155" hits="1"/>
            <line number="156" hits="1"/>
            <line number="158" hits="1"/>
            <line number="159" hits="1"/>
            <line number="160" hits="1"/>
            <line number="161" hits="1"/>
            <line number="163" hits="1"/>
            <line number="164" hits="1"/>
            <line number="165" hits="1"/>
            <line number="166" hits="1"/>
            <line number="168" hits="1"/>
            <line number="169" hits="1"/>
            <line number="170" hits="1"/>
            <line number="171" hits="1"/>
            <line number="173" hits="1"/>
            <line number="174" hits="1"/>
            <line number="175" hits="1"/>
            <line number="176" hits="1"/>
            <line number="178" hits="1"/>
            <line number="179" hits="1"/>
            <line number="180" hits="1"/>
            <line number="186" hits="1"/>
            <line number="187" hits="1"/>
            <line number="188" hits="1"/>
            <line number="190" hits="1"/>
            <line number="191" hits="1"/>
            <line number="192" hits="1"/>
            <line number="193" hits="1"/>
            <line number="208" hits="1"/>
            <line number="209" hits="1"/>
            <line number="210" hits="1"/>
            <line number="211" hits="1"/>
            <line number="212" hits="1"/>
            <line number="214" hits="1"/>
            <line number="215" hits="1"/>
            <line number="216" hits="1"/>
            <line number="244" hits="1"/>
            <line number="246" hits="1"/>
            <line number="254" hits="1"/>
            <line number="255" hits="1"/>
            <line number="256" hits="1"/>
            <line number="274" hits="1"/>
            <line number="282" hits="1"/>
            <line number="283" hits="1"/>
            <line number="284" hits="0"/>
            <line number="286" hits="1"/>
            <line number="287" hits="1"/>
            <line number="288" hits="1"/>
            <line number="289" hits="1"/>
            <line number="291" hits="1"/>
            <line number="292" hits="0"/>
            <line number="293" hits="0"/>
            <line number="294" hits="0"/>
            <line number="295" hits="1"/>
            <line number="297" hits="1"/>
            <line number="298" hits="1"/>
            <line number="299" hits="1"/>
            <line number="300" hits="1"/>
            <line number="301" hits="1"/>
            <line number="302" hits="1"/>
            <line number="303" hits="1"/>
            <line number="305" hits="1"/>
            <line number="306" hits="1"/>
            <line number="307" hits="1"/>
            <line number="309" hits="1"/>
            <line number="387" hits="1"/>
            <line number="416" hits="1"/>
            <line number="417" hits="1"/>
            <line number="418" hits="1"/>
            <line number="419" hits="1"/>
            <line number="421" hits="1"/>
            <line number="422" hits="1"/>
            <line number="423" hits="1"/>
            <line number="424" hits="1"/>
            <line number="426" hits="1"/>
            <line number="427" hits="1"/>
            <line number="428" hits="1"/>
            <line number="429" hits="1"/>
            <line number="430" hits="1"/>
            <line number="431" hits="1"/>
            <line number="433" hits="0"/>
            <line number="434" hits="1"/>
            <line number="446" hits="1"/>
            <line number="447" hits="1"/>
            <line number="448" hits="1"/>
            <line number="449" hits="1"/>
            <line number="451" hits="1"/>
            <line number="452" hits="1"/>
            <line number="453" hits="1"/>
            <line number="454" hits="1"/>
            <line number="456" hits="1"/>
            <line number="457" hits="1"/>
            <line number="458" hits="1"/>
            <line number="459" hits="1"/>
            <line number="461" hits="1"/>
            <line number="462" hits="1"/>
            <line number="463" hits="1"/>
            <line number="464" hits="1"/>
            <line number="470" hits="1"/>
            <line number="471" hits="1"/>
            <line number="472" hits="1"/>
            <line number="474" hits="1"/>
            <line number="475" hits="1"/>
            <line number="476" hits="1"/>
            <line number="477" hits="1"/>
            <line number="479" hits="1"/>
            <line number="480" hits="1"/>
            <line number="481" hits="1"/>
            <line number="482" hits="1"/>
            <line number="484" hits="1"/>
            <line number="485" hits="1"/>
            <line number="486" hits="1"/>
            <line number="487" hits="1"/>
            <line number="489" hits="1"/>
            <line number="490" hits="1"/>
            <line number="491" hits="1"/>
            <line number="492" hits="1"/>
            <line number="494" hits="1"/>
            <line number="495" hits="1"/>
            <line number="496" hits="1"/>
            <line number="497" hits="1"/>
            <line number="498" hits="1"/>
            <line number="499" hits="1"/>
            <line number="500" hits="1"/>
            <line number="501" hits="0"/>
            <line number="503" hits="1"/>
            <line number="505" hits="1"/>
            <line number="506" hits="1"/>
            <line number="507" hits="1"/>
            <line number="508" hits="0"/>
            <line number="509" hits="1"/>
            <line number="510" hits="1"/>
            <line number="511" hits="1"/>
            <line number="512" hits="0"/>
            <line number="514" hits="1"/>
            <line number="516" hits="1"/>
            <line number="517" hits="1"/>
            <line number="518" hits="1"/>
            <line number="519" hits="1"/>
            <line number="521" hits="1"/>
            <line number="522" hits="1"/>
            <line number="523" hits="1"/>
            <line number="524" hits="1"/>
            <line number="526" hits="1"/>
            <line number="527" hits="1"/>
            <line number="528" hits="1"/>
            <line number="529" hits="1"/>
            <line number="531" hits="1"/>
            <line number="532" hits="1"/>
            <line number="533" hits="1"/>
            <line number="534" hits="1"/>
            <line number="536" hits="1"/>
            <line number="537" hits="1"/>
            <line number="538" hits="1"/>
            <line number="544" hits="1"/>
            <line number="545" hits="1"/>
            <line number="546" hits="1"/>
            <line number="571" hits="1"/>
            <line number="572" hits="1"/>
            <line number="573" hits="1"/>
            <line number="574" hits="1"/>
            <line number="575" hits="1"/>
            <line number="576" hits="1"/>
            <line number="578" hits="1"/>
            <line number="579" hits="0"/>
            <line number="580" hits="0"/>
            <line number="581" hits="0"/>
            <line number="582" hits="1"/>
            <line number="584" hits="1"/>
            <line number="585" hits="1"/>
            <line number="586" hits="1"/>
            <line number="618" hits="1"/>
            <line number="620" hits="1"/>
            <line number="628" hits="1"/>
            <line number="629" hits="1"/>
            <line number="630" hits="1"/>
            <line number="657" hits="1"/>
            <line number="658" hits="1"/>
            <line number="659" hits="1"/>
            <line number="660" hits="0"/>
            <line number="662" hits="1"/>
            <line number="663" hits="1"/>
            <line number="665" hits="1"/>
            <line number="693" hits="1"/>
            <line number="694" hits="1"/>
            <line number="695" hits="0"/>
            <line number="697" hits="1"/>
            <line number="698" hits="1"/>
            <line number="699" hits="1"/>
            <line number="700" hits="1"/>
            <line number="702" hits="1"/>
            <line number="703" hits="1"/>
            <line number="705" hits="1"/>
            <line number="706" hits="1"/>
            <line number="708" hits="1"/>
            <line number="710" hits="1"/>
            <line number="711" hits="1"/>
            <line number="712" hits="0"/>
            <line number="714" hits="1"/>
            <line number="715" hits="1"/>
            <line number="716" hits="1"/>
            <line number="717" hits="1"/>
            <line number="719" hits="1"/>
            <line number="720" hits="1"/>
            <line number="722" hits="1"/>
            <line number="723" hits="1"/>
            <line number="725" hits="1"/>
            <line number="736" hits="1"/>
            <line number="737" hits="1"/>
            <line number="738" hits="0"/>
            <line number="741" hits="1"/>
            <line number="742" hits="0"/>
            <line number="743" hits="0"/>
            <line number="744" hits="0"/>
            <line number="745" hits="1"/>
            <line number="755" hits="1"/>
            <line number="756" hits="1"/>
            <line number="757" hits="1"/>
            <line number="758" hits="1"/>
            <line number="760" hits="1"/>
            <line number="761" hits="1"/>
            <line number="762" hits="1"/>
            <line number="764" hits="1"/>
            <line number="765" hits="0"/>
            <line number="766" hits="0"/>
            <line number="767" hits="0"/>
            <line number="768" hits="0"/>
            <line number="779" hits="1"/>
            <line number="780" hits="1"/>
            <line number="781" hits="1"/>
            <line number="790" hits="1"/>
            <line number="792" hits="1"/>
            <line number="793" hits="1"/>
            <line number="794" hits="1"/>
            <line number="796" hits="1"/>
            <line number="797" hits="1"/>
            <line number="798" hits="1"/>
            <line number="799" hits="1"/>
            <line number="800" hits="1"/>
            <line number="801" hits="0"/>
            <line number="802" hits="0"/>
            <line number="803" hits="0"/>
            <line number="804" hits="1"/>
            <line number="813" hits="1"/>
            <line number="814" hits="1"/>
            <line number="815" hits="1"/>
            <line number="816" hits="1"/>
            <line number="818" hits="1"/>
            <line number="819" hits="1"/>
            <line number="820" hits="1"/>
            <line number="823" hits="1"/>
            <line number="824" hits="0"/>
            <line number="825" hits="0"/>
            <line number="826" hits="0"/>
            <line number="827" hits="0"/>
            <line number="829" hits="1"/>
            <line number="840" hits="1"/>
            <line number="841" hits="1"/>
            <line number="845" hits="1"/>
            <line number="846" hits="0"/>
            <line number="847" hits="0"/>
            <line number="848" hits="1"/>
            <line number="850" hits="1"/>
            <line number="851" hits="0"/>
            <line number="852" hits="0"/>
            <line number="853" hits="1"/>
            <line number="855" hits="1"/>
            <line number="856" hits="0"/>
            <line number="857" hits="0"/>
            <line number="858" hits="1"/>
            <line number="860" hits="1"/>
            <line number="862" hits="1"/>
            <line number="863" hits="1"/>
            <line number="864" hits="1"/>
            <line number="866" hits="1"/>
            <line number="867" hits="1"/>
            <line number="868" hits="1"/>
            <line number="875" hits="1"/>
            <line number="876" hits="1"/>
            <line number="877" hits="1"/>
            <line number="878" hits="1"/>
            <line number="886" hits="1"/>
            <line number="887" hits="1"/>
            <line number="888" hits="1"/>
            <line number="890" hits="1"/>
            <line number="891" hits="1"/>
            <line number="893" hits="1"/>
            <line number="894" hits="1"/>
            <line number="895" hits="1"/>
            <line number="896" hits="1"/>
            <line number="898" hits="1"/>
            <line number="899" hits="1"/>
            <line number="900" hits="1"/>
            <line number="901" hits="1"/>
            <line number="903" hits="1"/>
            <line number="904" hits="1"/>
            <line number="905" hits="1"/>
            <line number="906" hits="1"/>
            <line number="908" hits="1"/>
            <line number="909" hits="1"/>
            <line number="910" hits="1"/>
            <line number="911" hits="1"/>
            <line number="918" hits="1"/>
            <line number="919" hits="1"/>
            <line number="920" hits="1"/>
            <line number="921" hits="1"/>
            <line number="923" hits="1"/>
            <line number="924" hits="1"/>
            <line number="925" hits="1"/>
            <line number="926" hits="1"/>
            <line number="928" hits="1"/>
            <line number="929" hits="1"/>
            <line number="930" hits="1"/>
            <line number="931" hits="1"/>
            <line number="933" hits="1"/>
            <line number="934" hits="1"/>
            <line number="935" hits="1"/>
            <line number="936" hits="1"/>
            <line number="942" hits="1"/>
            <line number="943" hits="1"/>
            <line number="944" hits="1"/>
            <line number="945" hits="1"/>
            <line number="947" hits="1"/>
            <line number="948" hits="1"/>
            <line number="949" hits="1"/>
            <line number="950" hits="1"/>
            <line number="956" hits="1"/>
            <line number="957" hits="1"/>
            <line number="958" hits="1"/>
            <line number="959" hits="1"/>
            <line number="965" hits="1"/>
            <line number="966" hits="1"/>
            <line number="967" hits="1"/>
            <line number="968" hits="1"/>
            <line number="970" hits="1"/>
            <line number="971" hits="1"/>
            <line number="972" hits="1"/>
            <line number="973" hits="1"/>
            <line number="975" hits="1"/>
            <line number="976" hits="1"/>
            <line number="977" hits="1"/>
            <line number="978" hits="1"/>
            <line number="980" hits="1"/>
            <line number="981" hits="1"/>
            <line number="982" hits="1"/>
            <line number="983" hits="1"/>
            <line number="985" hits="1"/>
            <line number="986" hits="1"/>
            <line number="987" hits="1"/>
            <line number="988" hits="1"/>
            <line number="995" hits="1"/>
            <line number="996" hits="1"/>
            <line number="997" hits="1"/>
            <line number="998" hits="1"/>
            <line number="1000" hits="1"/>
            <line number="1001" hits="1"/>
            <line number="1002" hits="1"/>
            <line number="1003" hits="1"/>
            <line number="1005" hits="1"/>
            <line number="1006" hits="1"/>
            <line number="1007" hits="1"/>
            <line number="1008" hits="1"/>
            <line number="1009" hits="1"/>
            <line number="1010" hits="1"/>
            <line number="1011" hits="1"/>
            <line number="1013" hits="1"/>
            <line number="1014" hits="1"/>
            <line number="1015" hits="1"/>
            <line number="1017" hits="1"/>
            <line number="1018" hits="1"/>
            <line number="1019" hits="1"/>
            <line number="1021" hits="1"/>
            <line number="1022" hits="1"/>
            <line number="1023" hits="1"/>
            <line number="1029" hits="1"/>
            <line number="1030" hits="1"/>
            <line number="1031" hits="1"/>
            <line number="1033" hits="1"/>
            <line number="1034" hits="1"/>
            <line number="1035" hits="1"/>
            <line number="1037" hits="1"/>
            <line number="1038" hits="1"/>
            <line number="1039" hits="1"/>
            <line number="1041" hits="1"/>
            <line number="1042" hits="1"/>
            <line number="1043" hits="1"/>
            <line number="1049" hits="1"/>
            <line number="1050" hits="1"/>
            <line number="1051" hits="1"/>
            <line number="1053" hits="1"/>
            <line number="1054" hits="1"/>
            <line number="1055" hits="0"/>
            <line number="1057" hits="1"/>
            <line number="1058" hits="1"/>
            <line number="1060" hits="1"/>
            <line number="1061" hits="1"/>
            <line number="1062" hits="1"/>
            <line number="1064" hits="1"/>
            <line number="1065" hits="1"/>
            <line number="1066" hits="0"/>
            <line number="1068" hits="1"/>
            <line number="1069" hits="1"/>
            <line number="1071" hits="1"/>
            <line number="1072" hits="1"/>
            <line number="1073" hits="1"/>
            <line number="1075" hits="1"/>
            <line number="1076" hits="1"/>
            <line number="1077" hits="0"/>
            <line number="1079" hits="1"/>
            <line number="1080" hits="1"/>
            <line number="1082" hits="1"/>
            <line number="1083" hits="1"/>
            <line number="1084" hits="1"/>
            <line number="1090" hits="1"/>
            <line number="1091" hits="1"/>
            <line number="1092" hits="1"/>
            <line number="1099" hits="1"/>
            <line number="1100" hits="1"/>
            <line number="1101" hits="0"/>
            <line number="1103" hits="1"/>
            <line number="1104" hits="1"/>
            <line number="1105" hits="1"/>
            <line number="1106" hits="1"/>
            <line number="1107" hits="1"/>
            <line number="1109" hits="1"/>
            <line number="1110" hits="1"/>
            <line number="1111" hits="0"/>
            <line number="1113" hits="1"/>
            <line number="1114" hits="1"/>
            <line number="1115" hits="1"/>
            <line number="1116" hits="1"/>
            <line number="1117" hits="1"/>
            <line number="1124" hits="1"/>
            <line number="1125" hits="1"/>
            <line number="1126" hits="1"/>
            <line number="1127" hits="1"/>
            <line number="1128" hits="1"/>
            <line number="1129" hits="1"/>
            <line number="1130" hits="1"/>
            <line number="1131" hits="1"/>
            <line number="1147" hits="1"/>
            <line number="1148" hits="1"/>
            <line number="1149" hits="1"/>
            <line number="1188" hits="1"/>
            <line number="1192" hits="1"/>
            <line number="1193" hits="1"/>
            <line number="1194" hits="1"/>
            <line number="1195" hits="1"/>
            <line number="1202" hits="1"/>
            <line number="1204" hits="1"/>
            <line number="1206" hits="1"/>
            <line number="1208" hits="1"/>
            <line number="1209" hits="1"/>
            <line number="1210" hits="1"/>
            <line number="1211" hits="1"/>
            <line number="1214" hits="1"/>
            <line number="1217" hits="1"/>
            <line number="1219" hits="1"/>
            <line number="1220" hits="1"/>
            <line number="1221" hits="1"/>
            <line number="1222" hits="1"/>
            <line number="1223" hits="1"/>
            <line number="1224" hits="1"/>
            <line number="1226" hits="1"/>
            <line number="1227" hits="1"/>
            <line number="1228" hits="1"/>
            <line number="1229" hits="1"/>
            <line number="1230" hits="1"/>
            <line number="1237" hits="1"/>
            <line number="1239" hits="1"/>
            <line number="1241" hits="1"/>
            <line number="1242" hits="1"/>
            <line number="1246" hits="1"/>
            <line number="1247" hits="0"/>
            <line number="1248" hits="0"/>
            <line number="1249" hits="0"/>
            <line number="1251" hits="1"/>
            <line number="1253" hits="1"/>
            <line number="1255" hits="1"/>
            <line number="1256" hits="1"/>
            <line number="1266" hits="1"/>
            <line number="1267" hits="1"/>
            <line number="1268" hits="1"/>
            <line number="1269" hits="1"/>
            <line number="1270" hits="1"/>
            <line number="1272" hits="1"/>
            <line number="1273" hits="1"/>
            <line number="1275" hits="1"/>
            <line number="1276" hits="1"/>
            <line number="1277" hits="1"/>
            <line number="1279" hits="1"/>
            <line number="1280" hits="1"/>
            <line number="1281" hits="1"/>
            <line number="1283" hits="1"/>
            <line number="1284" hits="1"/>
            <line number="1285" hits="1"/>
            <line number="1287" hits="1"/>
            <line number="1288" hits="1"/>
            <line number="1289" hits="1"/>
          </lines>
        </class>
        <class name="time_opt.h" filename="project\wind\utils\time_opt.h" line-rate="1" branch-rate="0" complexity="0">
          <methods/>
          <lines>
            <line number="32" hits="1"/>
            <line number="33" hits="1"/>
            <line number="34" hits="1"/>
            <line number="35" hits="1"/>
            <line number="36" hits="1"/>
            <line number="38" hits="1"/>
            <line number="39" hits="1"/>
            <line number="48" hits="1"/>
            <line number="49" hits="1"/>
            <line number="52" hits="1"/>
            <line number="54" hits="1"/>
            <line number="55" hits="1"/>
            <line number="56" hits="1"/>
            <line number="57" hits="1"/>
            <line number="59" hits="1"/>
            <line number="60" hits="1"/>
            <line number="62" hits="1"/>
            <line number="63" hits="1"/>
            <line number="74" hits="1"/>
            <line number="75" hits="1"/>
            <line number="76" hits="1"/>
          </lines>
        </class>
      </classes>
    </package>
  </packages>
</coverage>
